<?xml version="1.0" encoding="UTF-8"?>
<!-- Generated by org.testng.reporters.JUnitReportReporter -->
<testsuite hostname="DESKTOP-S7VGT8L" failures="0" tests="1" name="test.NewTest" time="2.057" errors="0" timestamp="2023-08-31T22:15:01 IST" skipped="0">
  <testcase classname="test.NewTest" name="f" time="2.057"/>
</testsuite> <!-- test.NewTest -->
