<?xml version="1.0" encoding="UTF-8"?>
<!-- Generated by org.testng.reporters.JUnitReportReporter -->
<testsuite hostname="DESKTOP-S7VGT8L" failures="0" tests="26" name="test.FoodieAppApplicationTests" time="5.195" errors="0" timestamp="2023-08-31T22:57:17 IST" skipped="0">
  <testcase classname="test.FoodieAppApplicationTests" name="register" time="2.981"/>
  <testcase classname="test.FoodieAppApplicationTests" name="login" time="0.061"/>
  <testcase classname="test.FoodieAppApplicationTests" name="login1" time="0.162"/>
  <testcase classname="test.FoodieAppApplicationTests" name="login2" time="0.110"/>
  <testcase classname="test.FoodieAppApplicationTests" name="Rest_Post1" time="0.086"/>
  <testcase classname="test.FoodieAppApplicationTests" name="Rest_Post2" time="0.044"/>
  <testcase classname="test.FoodieAppApplicationTests" name="Rest_Put" time="0.089"/>
  <testcase classname="test.FoodieAppApplicationTests" name="Rest_GetAll" time="0.036"/>
  <testcase classname="test.FoodieAppApplicationTests" name="Rest_GetById" time="0.606"/>
  <testcase classname="test.FoodieAppApplicationTests" name="Rest_Delete" time="0.117"/>
  <testcase classname="test.FoodieAppApplicationTests" name="Rest_Delete1" time="0.038"/>
  <testcase classname="test.FoodieAppApplicationTests" name="Dish_Post1" time="0.075"/>
  <testcase classname="test.FoodieAppApplicationTests" name="Dish_Post2" time="0.017"/>
  <testcase classname="test.FoodieAppApplicationTests" name="Dish_Put" time="0.051"/>
  <testcase classname="test.FoodieAppApplicationTests" name="Dish_GetAll" time="0.049"/>
  <testcase classname="test.FoodieAppApplicationTests" name="Dish_GetById" time="0.078"/>
  <testcase classname="test.FoodieAppApplicationTests" name="Dish_Delete" time="0.112"/>
  <testcase classname="test.FoodieAppApplicationTests" name="Dish_Delete1" time="0.074"/>
  <testcase classname="test.FoodieAppApplicationTests" name="Order_Post1" time="0.033"/>
  <testcase classname="test.FoodieAppApplicationTests" name="Order_Post2" time="0.121"/>
  <testcase classname="test.FoodieAppApplicationTests" name="Order_Put" time="0.118"/>
  <testcase classname="test.FoodieAppApplicationTests" name="Order_GetAll" time="0.052"/>
  <testcase classname="test.FoodieAppApplicationTests" name="Order_GetById" time="0.037"/>
  <testcase classname="test.FoodieAppApplicationTests" name="User_GetByName" time="0.013"/>
  <testcase classname="test.FoodieAppApplicationTests" name="User_GetByCategory" time="0.015"/>
  <testcase classname="test.FoodieAppApplicationTests" name="User_GetByLocation" time="0.020"/>
</testsuite> <!-- test.FoodieAppApplicationTests -->
